e:\project\libwb-master-build\wb.dir\debug\wb.pdb
e:\project\libwb-master-build\wb.dir\debug\json11.obj
e:\project\libwb-master-build\wb.dir\debug\wbutils.obj
e:\project\libwb-master-build\wb.dir\debug\wbtimer.obj
e:\project\libwb-master-build\wb.dir\debug\wbsparse.obj
e:\project\libwb-master-build\wb.dir\debug\wbsolution.obj
e:\project\libwb-master-build\wb.dir\debug\wbpath.obj
e:\project\libwb-master-build\wb.dir\debug\wbppm.obj
e:\project\libwb-master-build\wb.dir\debug\wbmpi.obj
e:\project\libwb-master-build\wb.dir\debug\wblogger.obj
e:\project\libwb-master-build\wb.dir\debug\wbinit.obj
e:\project\libwb-master-build\wb.dir\debug\wbimport.obj
e:\project\libwb-master-build\wb.dir\debug\wbimage.obj
e:\project\libwb-master-build\wb.dir\debug\wbfile.obj
e:\project\libwb-master-build\wb.dir\debug\wbexport.obj
e:\project\libwb-master-build\wb.dir\debug\wbexit.obj
e:\project\libwb-master-build\wb.dir\debug\wbdirectory.obj
e:\project\libwb-master-build\wb.dir\debug\wbdataset.obj
e:\project\libwb-master-build\wb.dir\debug\wbcuda.obj
e:\project\libwb-master-build\wb.dir\debug\wbarg.obj
e:\project\libwb-master-build\cmakefiles\generate.stamp
e:\project\libwb-master-build\debug\wb.lib
e:\project\libwb-master-build\debug\wb.pdb
e:\project\libwb-master-build\wb.dir\debug\wb.tlog\cl.command.1.tlog
e:\project\libwb-master-build\wb.dir\debug\wb.tlog\cl.read.1.tlog
e:\project\libwb-master-build\wb.dir\debug\wb.tlog\cl.write.1.tlog
e:\project\libwb-master-build\wb.dir\debug\wb.tlog\custombuild.command.1.tlog
e:\project\libwb-master-build\wb.dir\debug\wb.tlog\custombuild.read.1.tlog
e:\project\libwb-master-build\wb.dir\debug\wb.tlog\custombuild.write.1.tlog
e:\project\libwb-master-build\wb.dir\debug\wb.tlog\lib-link.read.1.tlog
e:\project\libwb-master-build\wb.dir\debug\wb.tlog\lib-link.write.1.tlog
e:\project\libwb-master-build\wb.dir\debug\wb.tlog\lib.command.1.tlog
